<?xml version="1.0" encoding="UTF-8"?>
<!-- Generated by org.testng.reporters.JUnitReportReporter -->
<testsuite hostname="AUTOBVT-UOUNUNR" name="mail.testMail.Mail" tests="1" failures="0" timestamp="30 Jul 2020 09:26:59 GMT" time="2.178" errors="0">
  <testcase name="sendMail" time="2.178" classname="mail.testMail.Mail"/>
</testsuite> <!-- mail.testMail.Mail -->
