<?xml version="1.0" encoding="UTF-8"?>
<!-- Generated by org.testng.reporters.JUnitReportReporter -->
<testsuite hostname="AUTOBVT-UOUNUNR" name="mail.testMail.Mail" tests="1" failures="0" timestamp="3 Aug 2020 06:10:58 GMT" time="1.204" errors="0">
  <testcase name="sendMail" time="1.204" classname="mail.testMail.Mail"/>
</testsuite> <!-- mail.testMail.Mail -->
