<?xml version="1.0" encoding="UTF-8"?>
<!-- Generated by org.testng.reporters.JUnitReportReporter -->
<testsuite hostname="AUTOBVT-UOUNUNR" name="mail.testMail.Mail" tests="1" failures="0" timestamp="30 Jul 2020 10:38:34 GMT" time="4.798" errors="0">
  <testcase name="sendMail" time="4.798" classname="mail.testMail.Mail"/>
</testsuite> <!-- mail.testMail.Mail -->
